Build started 26.09.2016 20:25:37.
     1>Project "D:\для учёбы\4 курс\АКГ\АКГ_Лаба1_проект\labexample\SDL_demo\SDL_demo.vcxproj" on node 2 (Build target(s)).
     1>ClCompile:
         C:\Program Files (x86)\Microsoft Visual Studio 14.0\VC\bin\CL.exe /c /I"D:\для учёбы\4 курс\АКГ\АКГ_Лаба1_проект\labexample\\SDL2-2.0.4\include\\" /ZI /nologo /W3 /WX- /sdl /Od /Oy- /D WIN32 /D _DEBUG /D _CONSOLE /D _LIB /D _UNICODE /D UNICODE /Gm /EHsc /RTC1 /MDd /GS /fp:precise /Zc:wchar_t /Zc:forScope /Zc:inline /Fo"Debug\\" /Fd"Debug\vc140.pdb" /Gd /TP /analyze- /errorReport:prompt draw.cpp
         draw.cpp
     1>d:\для учёбы\4 курс\акг\акг_лаба1_проект\labexample\sdl_demo\draw.cpp(46): warning C4244: 'argument': conversion from 'double' to 'int', possible loss of data
     1>d:\для учёбы\4 курс\акг\акг_лаба1_проект\labexample\sdl_demo\draw.cpp(35): warning C4101: 'i': unreferenced local variable
     1>d:\для учёбы\4 курс\акг\акг_лаба1_проект\labexample\sdl_demo\draw.cpp(94): warning C4244: 'argument': conversion from 'double' to 'int', possible loss of data
     1>d:\для учёбы\4 курс\акг\акг_лаба1_проект\labexample\sdl_demo\draw.cpp(96): warning C4244: 'initializing': conversion from 'double' to 'int', possible loss of data
     1>d:\для учёбы\4 курс\акг\акг_лаба1_проект\labexample\sdl_demo\draw.cpp(97): warning C4244: 'initializing': conversion from 'double' to 'int', possible loss of data
     1>d:\для учёбы\4 курс\акг\акг_лаба1_проект\labexample\sdl_demo\draw.cpp(99): warning C4244: 'initializing': conversion from 'double' to 'int', possible loss of data
     1>d:\для учёбы\4 курс\акг\акг_лаба1_проект\labexample\sdl_demo\draw.cpp(100): warning C4244: 'initializing': conversion from 'double' to 'int', possible loss of data
     1>d:\для учёбы\4 курс\акг\акг_лаба1_проект\labexample\sdl_demo\draw.cpp(102): warning C4244: 'initializing': conversion from 'double' to 'int', possible loss of data
     1>d:\для учёбы\4 курс\акг\акг_лаба1_проект\labexample\sdl_demo\draw.cpp(103): warning C4244: 'initializing': conversion from 'double' to 'int', possible loss of data
     1>d:\для учёбы\4 курс\акг\акг_лаба1_проект\labexample\sdl_demo\draw.cpp(105): warning C4244: 'initializing': conversion from 'double' to 'int', possible loss of data
     1>d:\для учёбы\4 курс\акг\акг_лаба1_проект\labexample\sdl_demo\draw.cpp(106): warning C4244: 'initializing': conversion from 'double' to 'int', possible loss of data
     1>d:\для учёбы\4 курс\акг\акг_лаба1_проект\labexample\sdl_demo\draw.cpp(115): warning C4244: '=': conversion from 'double' to 'int', possible loss of data
     1>d:\для учёбы\4 курс\акг\акг_лаба1_проект\labexample\sdl_demo\draw.cpp(116): warning C4244: '=': conversion from 'double' to 'int', possible loss of data
     1>d:\для учёбы\4 курс\акг\акг_лаба1_проект\labexample\sdl_demo\draw.cpp(118): warning C4244: '=': conversion from 'double' to 'int', possible loss of data
     1>d:\для учёбы\4 курс\акг\акг_лаба1_проект\labexample\sdl_demo\draw.cpp(119): warning C4244: '=': conversion from 'double' to 'int', possible loss of data
     1>d:\для учёбы\4 курс\акг\акг_лаба1_проект\labexample\sdl_demo\draw.cpp(121): warning C4244: '=': conversion from 'double' to 'int', possible loss of data
     1>d:\для учёбы\4 курс\акг\акг_лаба1_проект\labexample\sdl_demo\draw.cpp(122): warning C4244: '=': conversion from 'double' to 'int', possible loss of data
     1>d:\для учёбы\4 курс\акг\акг_лаба1_проект\labexample\sdl_demo\draw.cpp(124): warning C4244: '=': conversion from 'double' to 'int', possible loss of data
     1>d:\для учёбы\4 курс\акг\акг_лаба1_проект\labexample\sdl_demo\draw.cpp(125): warning C4244: '=': conversion from 'double' to 'int', possible loss of data
       Link:
         C:\Program Files (x86)\Microsoft Visual Studio 14.0\VC\bin\link.exe /ERRORREPORT:PROMPT /OUT:"D:\для учёбы\4 курс\АКГ\АКГ_Лаба1_проект\labexample\Debug\labexample.exe" /INCREMENTAL /NOLOGO /LIBPATH:"D:\для учёбы\4 курс\АКГ\АКГ_Лаба1_проект\labexample\\SDL2-2.0.4\lib\x86\\" SDL2.lib kernel32.lib user32.lib gdi32.lib winspool.lib comdlg32.lib advapi32.lib shell32.lib ole32.lib oleaut32.lib uuid.lib odbc32.lib odbccp32.lib /MANIFEST /MANIFESTUAC:"level='asInvoker' uiAccess='false'" /manifest:embed /Debug /PDB:"D:\для учёбы\4 курс\АКГ\АКГ_Лаба1_проект\labexample\Debug\labexample.pdb" /SUBSYSTEM:CONSOLE /TLBID:1 /DYNAMICBASE /NXCOMPAT /IMPLIB:"D:\для учёбы\4 курс\АКГ\АКГ_Лаба1_проект\labexample\Debug\labexample.lib" /MACHINE:X86 Debug\draw.obj
         Debug\SDL_demo.obj
         Debug\stdafx.obj
         SDL_demo.vcxproj -> D:\для учёбы\4 курс\АКГ\АКГ_Лаба1_проект\labexample\Debug\labexample.exe
     1>Done Building Project "D:\для учёбы\4 курс\АКГ\АКГ_Лаба1_проект\labexample\SDL_demo\SDL_demo.vcxproj" (Build target(s)).

Build succeeded.

Time Elapsed 00:00:01.89
